NEAR DEADline
Flight of the Icarus
Chinese Chess/ Elephant Game: ??/ ????/ ????
Another Otter
ANVIL
A Detective's Novel
'n Verlore Verstand
Alien Shooter - Last Hope
Beat Hazard
BOOR
Cultivation Tales
Cosmic Sugar VR
Coloring Book for Kids
Chuhou Joutai 2: Paraided!
Commander: Conquest of the Americas
Counter-Strike: Global Offensive
EDEN STAR
Deadbeat Heroes
Faefever
FINAL FANTASY® XIII
Lonely Mountains: Downhill
Homebrew - Patent Unknown
HUNTDOWN
Fluffy Store
Higurashi When They Cry Hou - Ch.2 Watanagashi
Have a Nice Death
KINGDOM of the DEAD
Killer Queen Black
Mistwood Heroes
MSI Electric City: Core Assault
Ludo Supremo
Men of War: Assault Squad
Mutant Mudds Deluxe
Shadowrun: Dragonfall - Director's Cut
Pincremental
Neon Outlast
NOBUNAGA'S AMBITION: Tendou with Power Up Kit
RollerCoaster Tycoon® 3: Complete Edition
Protolife
Rhiannon: Curse of the Four Branches
SPORE™ Galactic Adventures
The Insignia Project
Sopwith VR
Sonic Adventure 2
Solasta: Crown of the Magister
The Gallery - Episode 1: Call of the Starseed
Synthesis Universe -Episode 00-
The Vanishing of Ethan Carter
The Island: Into The Mist
??????-Death angel
WARRIORS OROCHI 3 Ultimate Definitive Edition
???
